Copyright 1986-2018 Xilinx, Inc. All Rights Reserved.
--------------------------------------------------------------------------------------------------------------------------------------------------------------------
| Tool Version : Vivado v.2018.3 (win64) Build 2405991 Thu Dec  6 23:38:27 MST 2018
| Date         : Fri Nov 12 13:35:58 2021
| Host         : LAPTOP-RK6SIO5B running 64-bit major release  (build 9200)
| Command      : report_methodology -file tube_light_methodology_drc_routed.rpt -pb tube_light_methodology_drc_routed.pb -rpx tube_light_methodology_drc_routed.rpx
| Design       : tube_light
| Device       : xc7a35tcsg324-3
| Speed File   : -3
| Design State : Fully Routed
--------------------------------------------------------------------------------------------------------------------------------------------------------------------

Report Methodology

Table of Contents
-----------------
1. REPORT SUMMARY
2. REPORT DETAILS

1. REPORT SUMMARY
-----------------
            Netlist: netlist
          Floorplan: design_1
      Design limits: <entire design considered>
             Max violations: <unlimited>
             Violations found: 8
+--------+----------+------------------------------------------+------------+
| Rule   | Severity | Description                              | Violations |
+--------+----------+------------------------------------------+------------+
| XDCH-2 | Warning  | Same min and max delay values on IO port | 8          |
+--------+----------+------------------------------------------+------------+

2. REPORT DETAILS
-----------------
XDCH-2#1 Warning
Same min and max delay values on IO port  
The same output delay of 0.000 ns has been defined on port 'led[0]' relative to clock clk_pin for both max and min. Make sure this reflects the design intent.
set_output_delay -clock [get_clocks *] 0.000 [get_ports -filter { NAME =~  "*" && DIRECTION == "OUT" }]
D:/Vivado/2018.3/myworkplace/tube_light_cjm/tube_light_cjm.srcs/constrs_2/new/con_tube_light.xdc (Line: 33)
Related violations: <none>

XDCH-2#2 Warning
Same min and max delay values on IO port  
The same output delay of 0.000 ns has been defined on port 'led[1]' relative to clock clk_pin for both max and min. Make sure this reflects the design intent.
set_output_delay -clock [get_clocks *] 0.000 [get_ports -filter { NAME =~  "*" && DIRECTION == "OUT" }]
D:/Vivado/2018.3/myworkplace/tube_light_cjm/tube_light_cjm.srcs/constrs_2/new/con_tube_light.xdc (Line: 33)
Related violations: <none>

XDCH-2#3 Warning
Same min and max delay values on IO port  
The same output delay of 0.000 ns has been defined on port 'led[2]' relative to clock clk_pin for both max and min. Make sure this reflects the design intent.
set_output_delay -clock [get_clocks *] 0.000 [get_ports -filter { NAME =~  "*" && DIRECTION == "OUT" }]
D:/Vivado/2018.3/myworkplace/tube_light_cjm/tube_light_cjm.srcs/constrs_2/new/con_tube_light.xdc (Line: 33)
Related violations: <none>

XDCH-2#4 Warning
Same min and max delay values on IO port  
The same output delay of 0.000 ns has been defined on port 'led[3]' relative to clock clk_pin for both max and min. Make sure this reflects the design intent.
set_output_delay -clock [get_clocks *] 0.000 [get_ports -filter { NAME =~  "*" && DIRECTION == "OUT" }]
D:/Vivado/2018.3/myworkplace/tube_light_cjm/tube_light_cjm.srcs/constrs_2/new/con_tube_light.xdc (Line: 33)
Related violations: <none>

XDCH-2#5 Warning
Same min and max delay values on IO port  
The same output delay of 0.000 ns has been defined on port 'led[4]' relative to clock clk_pin for both max and min. Make sure this reflects the design intent.
set_output_delay -clock [get_clocks *] 0.000 [get_ports -filter { NAME =~  "*" && DIRECTION == "OUT" }]
D:/Vivado/2018.3/myworkplace/tube_light_cjm/tube_light_cjm.srcs/constrs_2/new/con_tube_light.xdc (Line: 33)
Related violations: <none>

XDCH-2#6 Warning
Same min and max delay values on IO port  
The same output delay of 0.000 ns has been defined on port 'led[5]' relative to clock clk_pin for both max and min. Make sure this reflects the design intent.
set_output_delay -clock [get_clocks *] 0.000 [get_ports -filter { NAME =~  "*" && DIRECTION == "OUT" }]
D:/Vivado/2018.3/myworkplace/tube_light_cjm/tube_light_cjm.srcs/constrs_2/new/con_tube_light.xdc (Line: 33)
Related violations: <none>

XDCH-2#7 Warning
Same min and max delay values on IO port  
The same output delay of 0.000 ns has been defined on port 'led[6]' relative to clock clk_pin for both max and min. Make sure this reflects the design intent.
set_output_delay -clock [get_clocks *] 0.000 [get_ports -filter { NAME =~  "*" && DIRECTION == "OUT" }]
D:/Vivado/2018.3/myworkplace/tube_light_cjm/tube_light_cjm.srcs/constrs_2/new/con_tube_light.xdc (Line: 33)
Related violations: <none>

XDCH-2#8 Warning
Same min and max delay values on IO port  
The same output delay of 0.000 ns has been defined on port 'led[7]' relative to clock clk_pin for both max and min. Make sure this reflects the design intent.
set_output_delay -clock [get_clocks *] 0.000 [get_ports -filter { NAME =~  "*" && DIRECTION == "OUT" }]
D:/Vivado/2018.3/myworkplace/tube_light_cjm/tube_light_cjm.srcs/constrs_2/new/con_tube_light.xdc (Line: 33)
Related violations: <none>


