INFO: [VRFC 10-2263] Analyzing Verilog file "D:/Vivado/2018.3/myworkplace/project_2_unknew/project_2.srcs/sources_1/new/check.v" into library xil_defaultlib
INFO: [VRFC 10-311] analyzing module check
INFO: [VRFC 10-2263] Analyzing Verilog file "D:/Vivado/2018.3/myworkplace/project_2_unknew/project_2.srcs/sources_1/new/digit_change.v" into library xil_defaultlib
INFO: [VRFC 10-311] analyzing module digit_change
INFO: [VRFC 10-2263] Analyzing Verilog file "D:/Vivado/2018.3/myworkplace/project_2_unknew/project_2.srcs/sources_1/new/electronic_coded_lock.v" into library xil_defaultlib
INFO: [VRFC 10-311] analyzing module electronic_coded_lock
INFO: [VRFC 10-2263] Analyzing Verilog file "D:/Vivado/2018.3/myworkplace/project_2_unknew/project_2.srcs/sources_1/new/password_change.v" into library xil_defaultlib
INFO: [VRFC 10-311] analyzing module password_change
INFO: [VRFC 10-2263] Analyzing Verilog file "D:/Vivado/2018.3/myworkplace/project_2_unknew/project_2.srcs/sources_1/new/seg_div.v" into library xil_defaultlib
INFO: [VRFC 10-311] analyzing module seg_div
INFO: [VRFC 10-2263] Analyzing Verilog file "D:/Vivado/2018.3/myworkplace/project_2_unknew/project_2.srcs/sources_1/new/seg_visual.v" into library xil_defaultlib
INFO: [VRFC 10-311] analyzing module seg_visual
INFO: [VRFC 10-2263] Analyzing Verilog file "D:/Vivado/2018.3/myworkplace/project_2_unknew/project_2.srcs/sources_1/new/status_change.v" into library xil_defaultlib
INFO: [VRFC 10-311] analyzing module status_change
INFO: [VRFC 10-2263] Analyzing Verilog file "D:/Vivado/2018.3/myworkplace/project_2_unknew/project_2.srcs/sources_1/new/status_yog.v" into library xil_defaultlib
INFO: [VRFC 10-311] analyzing module status_yog
INFO: [VRFC 10-2263] Analyzing Verilog file "D:/Vivado/2018.3/myworkplace/project_2_unknew/project_2.srcs/sources_1/new/timer.v" into library xil_defaultlib
INFO: [VRFC 10-311] analyzing module timer
INFO: [VRFC 10-2263] Analyzing Verilog file "D:/Vivado/2018.3/myworkplace/project_2_unknew/project_2.srcs/sources_1/new/users_input.v" into library xil_defaultlib
INFO: [VRFC 10-311] analyzing module users_input
INFO: [VRFC 10-2263] Analyzing Verilog file "D:/Vivado/2018.3/myworkplace/project_2_unknew/project_2.srcs/sim_1/new/sim_electronic_coded_lock.v" into library xil_defaultlib
INFO: [VRFC 10-311] analyzing module sim_electronic_coded_lock
INFO: [VRFC 10-2263] Analyzing Verilog file "D:/Vivado/2018.3/myworkplace/project_2_unknew/project_2.sim/sim_1/behav/xsim/glbl.v" into library xil_defaultlib
INFO: [VRFC 10-311] analyzing module glbl
